<?xml version="1.0" encoding="UTF-8"?>
<coverage generated="1760125951271" clover="3.2.0">
  <project timestamp="1760125951271" name="All files">
    <metrics statements="142" coveredstatements="137" conditionals="40" coveredconditionals="31" methods="52" coveredmethods="51" elements="234" coveredelements="219" complexity="0" loc="142" ncloc="142" packages="6" files="17" classes="17"/>
    <package name="domain.entities">
      <metrics statements="13" coveredstatements="13" conditionals="0" coveredconditionals="0" methods="4" coveredmethods="4"/>
      <file name="Memory.ts" path="C:\Users\Alana\Downloads\mobile_Vivi\src\core\domain\entities\Memory.ts">
        <metrics statements="7" coveredstatements="7" conditionals="0" coveredconditionals="0" methods="2" coveredmethods="2"/>
        <line num="1" count="8" type="stmt"/>
        <line num="3" count="13" type="stmt"/>
        <line num="4" count="13" type="stmt"/>
        <line num="5" count="13" type="stmt"/>
        <line num="6" count="13" type="stmt"/>
        <line num="7" count="13" type="stmt"/>
        <line num="17" count="13" type="stmt"/>
      </file>
      <file name="User.ts" path="C:\Users\Alana\Downloads\mobile_Vivi\src\core\domain\entities\User.ts">
        <metrics statements="6" coveredstatements="6" conditionals="0" coveredconditionals="0" methods="2" coveredmethods="2"/>
        <line num="5" count="6" type="stmt"/>
        <line num="7" count="7" type="stmt"/>
        <line num="8" count="7" type="stmt"/>
        <line num="9" count="7" type="stmt"/>
        <line num="10" count="7" type="stmt"/>
        <line num="14" count="7" type="stmt"/>
      </file>
    </package>
    <package name="domain.use-cases.Post">
      <metrics statements="28" coveredstatements="28" conditionals="8" coveredconditionals="7" methods="10" coveredmethods="10"/>
      <file name="CreateMemory.ts" path="C:\Users\Alana\Downloads\mobile_Vivi\src\core\domain\use-cases\Post\CreateMemory.ts">
        <metrics statements="6" coveredstatements="6" conditionals="0" coveredconditionals="0" methods="2" coveredmethods="2"/>
        <line num="1" count="2" type="stmt"/>
        <line num="4" count="2" type="stmt"/>
        <line num="5" count="2" type="stmt"/>
        <line num="12" count="1" type="stmt"/>
        <line num="20" count="1" type="stmt"/>
        <line num="21" count="1" type="stmt"/>
      </file>
      <file name="DeleteMemory.ts" path="C:\Users\Alana\Downloads\mobile_Vivi\src\core\domain\use-cases\Post\DeleteMemory.ts">
        <metrics statements="7" coveredstatements="7" conditionals="2" coveredconditionals="2" methods="2" coveredmethods="2"/>
        <line num="3" count="2" type="stmt"/>
        <line num="4" count="3" type="stmt"/>
        <line num="7" count="2" type="stmt"/>
        <line num="9" count="2" type="stmt"/>
        <line num="10" count="2" type="cond" truecount="2" falsecount="0"/>
        <line num="11" count="1" type="stmt"/>
        <line num="14" count="1" type="stmt"/>
      </file>
      <file name="FindMemory.ts" path="C:\Users\Alana\Downloads\mobile_Vivi\src\core\domain\use-cases\Post\FindMemory.ts">
        <metrics statements="3" coveredstatements="3" conditionals="0" coveredconditionals="0" methods="2" coveredmethods="2"/>
        <line num="4" count="2" type="stmt"/>
        <line num="5" count="3" type="stmt"/>
        <line num="8" count="2" type="stmt"/>
      </file>
      <file name="ListUserMemories.ts" path="C:\Users\Alana\Downloads\mobile_Vivi\src\core\domain\use-cases\Post\ListUserMemories.ts">
        <metrics statements="3" coveredstatements="3" conditionals="0" coveredconditionals="0" methods="2" coveredmethods="2"/>
        <line num="4" count="2" type="stmt"/>
        <line num="5" count="2" type="stmt"/>
        <line num="8" count="1" type="stmt"/>
      </file>
      <file name="UpdateMemory.ts" path="C:\Users\Alana\Downloads\mobile_Vivi\src\core\domain\use-cases\Post\UpdateMemory.ts">
        <metrics statements="9" coveredstatements="9" conditionals="6" coveredconditionals="5" methods="2" coveredmethods="2"/>
        <line num="1" count="2" type="stmt"/>
        <line num="4" count="2" type="stmt"/>
        <line num="5" count="3" type="stmt"/>
        <line num="11" count="2" type="stmt"/>
        <line num="12" count="2" type="cond" truecount="2" falsecount="0"/>
        <line num="13" count="1" type="stmt"/>
        <line num="16" count="1" type="stmt"/>
        <line num="24" count="1" type="stmt"/>
        <line num="25" count="1" type="stmt"/>
      </file>
    </package>
    <package name="domain.use-cases.User">
      <metrics statements="40" coveredstatements="37" conditionals="12" coveredconditionals="7" methods="8" coveredmethods="8"/>
      <file name="LoginUser.ts" path="C:\Users\Alana\Downloads\mobile_Vivi\src\core\domain\use-cases\User\LoginUser.ts">
        <metrics statements="11" coveredstatements="10" conditionals="4" coveredconditionals="3" methods="3" coveredmethods="3"/>
        <line num="4" count="2" type="stmt"/>
        <line num="5" count="3" type="stmt"/>
        <line num="8" count="2" type="stmt"/>
        <line num="10" count="2" type="stmt"/>
        <line num="11" count="2" type="cond" truecount="2" falsecount="0"/>
        <line num="12" count="1" type="stmt"/>
        <line num="15" count="1" type="stmt"/>
        <line num="20" count="1" type="cond" truecount="1" falsecount="1"/>
        <line num="21" count="0" type="stmt"/>
        <line num="24" count="1" type="stmt"/>
        <line num="31" count="1" type="stmt"/>
      </file>
      <file name="RegisterUser.ts" path="C:\Users\Alana\Downloads\mobile_Vivi\src\core\domain\use-cases\User\RegisterUser.ts">
        <metrics statements="15" coveredstatements="14" conditionals="2" coveredconditionals="1" methods="3" coveredmethods="3"/>
        <line num="1" count="2" type="stmt"/>
        <line num="3" count="2" type="stmt"/>
        <line num="4" count="2" type="stmt"/>
        <line num="5" count="2" type="stmt"/>
        <line num="7" count="2" type="stmt"/>
        <line num="8" count="2" type="stmt"/>
        <line num="15" count="1" type="stmt"/>
        <line num="17" count="1" type="stmt"/>
        <line num="18" count="1" type="cond" truecount="1" falsecount="1"/>
        <line num="19" count="0" type="stmt"/>
        <line num="22" count="1" type="stmt"/>
        <line num="24" count="1" type="stmt"/>
        <line num="31" count="1" type="stmt"/>
        <line num="32" count="1" type="stmt"/>
        <line num="36" count="1" type="stmt"/>
      </file>
      <file name="UpdateUser.ts" path="C:\Users\Alana\Downloads\mobile_Vivi\src\core\domain\use-cases\User\UpdateUser.ts">
        <metrics statements="14" coveredstatements="13" conditionals="6" coveredconditionals="3" methods="2" coveredmethods="2"/>
        <line num="1" count="2" type="stmt"/>
        <line num="3" count="2" type="stmt"/>
        <line num="4" count="2" type="stmt"/>
        <line num="6" count="2" type="stmt"/>
        <line num="7" count="2" type="stmt"/>
        <line num="14" count="1" type="stmt"/>
        <line num="16" count="1" type="stmt"/>
        <line num="17" count="1" type="cond" truecount="1" falsecount="1"/>
        <line num="18" count="0" type="stmt"/>
        <line num="21" count="1" type="cond" truecount="1" falsecount="1"/>
        <line num="22" count="1" type="cond" truecount="1" falsecount="1"/>
        <line num="24" count="1" type="stmt"/>
        <line num="31" count="1" type="stmt"/>
        <line num="32" count="1" type="stmt"/>
      </file>
    </package>
    <package name="domain.value-objects">
      <metrics statements="15" coveredstatements="14" conditionals="8" coveredconditionals="7" methods="6" coveredmethods="6"/>
      <file name="Email.ts" path="C:\Users\Alana\Downloads\mobile_Vivi\src\core\domain\value-objects\Email.ts">
        <metrics statements="5" coveredstatements="5" conditionals="2" coveredconditionals="2" methods="2" coveredmethods="2"/>
        <line num="1" count="7" type="stmt"/>
        <line num="2" count="9" type="stmt"/>
        <line num="3" count="9" type="cond" truecount="2" falsecount="0"/>
        <line num="4" count="1" type="stmt"/>
        <line num="9" count="7" type="stmt"/>
      </file>
      <file name="Name.ts" path="C:\Users\Alana\Downloads\mobile_Vivi\src\core\domain\value-objects\Name.ts">
        <metrics statements="5" coveredstatements="5" conditionals="4" coveredconditionals="4" methods="2" coveredmethods="2"/>
        <line num="1" count="7" type="stmt"/>
        <line num="2" count="9" type="stmt"/>
        <line num="3" count="9" type="cond" truecount="4" falsecount="0"/>
        <line num="4" count="1" type="stmt"/>
        <line num="9" count="7" type="stmt"/>
      </file>
      <file name="Password.ts" path="C:\Users\Alana\Downloads\mobile_Vivi\src\core\domain\value-objects\Password.ts">
        <metrics statements="5" coveredstatements="4" conditionals="2" coveredconditionals="1" methods="2" coveredmethods="2"/>
        <line num="1" count="6" type="stmt"/>
        <line num="2" count="6" type="stmt"/>
        <line num="3" count="6" type="cond" truecount="1" falsecount="1"/>
        <line num="4" count="0" type="stmt"/>
        <line num="9" count="5" type="stmt"/>
      </file>
    </package>
    <package name="factories">
      <metrics statements="24" coveredstatements="24" conditionals="0" coveredconditionals="0" methods="2" coveredmethods="2"/>
      <file name="makeMemoryUseCases.ts" path="C:\Users\Alana\Downloads\mobile_Vivi\src\core\factories\makeMemoryUseCases.ts">
        <metrics statements="14" coveredstatements="14" conditionals="0" coveredconditionals="0" methods="1" coveredmethods="1"/>
        <line num="2" count="1" type="stmt"/>
        <line num="3" count="1" type="stmt"/>
        <line num="4" count="1" type="stmt"/>
        <line num="5" count="1" type="stmt"/>
        <line num="6" count="1" type="stmt"/>
        <line num="7" count="1" type="stmt"/>
        <line num="9" count="1" type="stmt"/>
        <line num="10" count="1" type="stmt"/>
        <line num="12" count="1" type="stmt"/>
        <line num="13" count="1" type="stmt"/>
        <line num="14" count="1" type="stmt"/>
        <line num="15" count="1" type="stmt"/>
        <line num="16" count="1" type="stmt"/>
        <line num="18" count="1" type="stmt"/>
      </file>
      <file name="makeUserUseCases.ts" path="C:\Users\Alana\Downloads\mobile_Vivi\src\core\factories\makeUserUseCases.ts">
        <metrics statements="10" coveredstatements="10" conditionals="0" coveredconditionals="0" methods="1" coveredmethods="1"/>
        <line num="2" count="1" type="stmt"/>
        <line num="3" count="1" type="stmt"/>
        <line num="4" count="1" type="stmt"/>
        <line num="5" count="1" type="stmt"/>
        <line num="7" count="1" type="stmt"/>
        <line num="8" count="1" type="stmt"/>
        <line num="10" count="1" type="stmt"/>
        <line num="11" count="1" type="stmt"/>
        <line num="12" count="1" type="stmt"/>
        <line num="14" count="1" type="stmt"/>
      </file>
    </package>
    <package name="infra.repositories">
      <metrics statements="22" coveredstatements="21" conditionals="12" coveredconditionals="10" methods="22" coveredmethods="21"/>
      <file name="MockMemoryRepository.ts" path="C:\Users\Alana\Downloads\mobile_Vivi\src\core\infra\repositories\MockMemoryRepository.ts">
        <metrics statements="10" coveredstatements="9" conditionals="4" coveredconditionals="3" methods="11" coveredmethods="10"/>
        <line num="4" count="7" type="stmt"/>
        <line num="5" count="11" type="stmt"/>
        <line num="8" count="11" type="stmt"/>
        <line num="12" count="10" type="cond" truecount="2" falsecount="0"/>
        <line num="16" count="6" type="stmt"/>
        <line num="21" count="1" type="stmt"/>
        <line num="22" count="1" type="cond" truecount="1" falsecount="1"/>
        <line num="23" count="1" type="stmt"/>
        <line num="28" count="0" type="stmt"/>
        <line num="32" count="1" type="stmt"/>
      </file>
      <file name="MockUserRepository.ts" path="C:\Users\Alana\Downloads\mobile_Vivi\src\core\infra\repositories\MockUserRepository.ts">
        <metrics statements="12" coveredstatements="12" conditionals="8" coveredconditionals="7" methods="11" coveredmethods="11"/>
        <line num="4" count="5" type="stmt"/>
        <line num="6" count="5" type="stmt"/>
        <line num="11" count="7" type="cond" truecount="2" falsecount="0"/>
        <line num="12" count="5" type="stmt"/>
        <line num="14" count="7" type="stmt"/>
        <line num="18" count="5" type="stmt"/>
        <line num="22" count="3" type="cond" truecount="2" falsecount="0"/>
        <line num="26" count="5" type="cond" truecount="2" falsecount="0"/>
        <line num="30" count="1" type="stmt"/>
        <line num="31" count="1" type="cond" truecount="1" falsecount="1"/>
        <line num="32" count="1" type="stmt"/>
        <line num="37" count="2" type="stmt"/>
      </file>
    </package>
  </project>
</coverage>
