{"C:\\Users\\Alana\\Downloads\\mobile_Vivi\\src\\core\\domain\\entities\\Memory.ts": {"path":"C:\\Users\\Alana\\Downloads\\mobile_Vivi\\src\\core\\domain\\entities\\Memory.ts","statementMap":{"0":{"start":{"line":3,"column":13},"end":{"line":3,"column":23}},"1":{"start":{"line":4,"column":13},"end":{"line":4,"column":27}},"2":{"start":{"line":5,"column":13},"end":{"line":5,"column":26}},"3":{"start":{"line":6,"column":13},"end":{"line":6,"column":28}},"4":{"start":{"line":7,"column":13},"end":{"line":7,"column":27}},"5":{"start":{"line":17,"column":4},"end":{"line":17,"column":60}},"6":{"start":{"line":1,"column":0},"end":{"line":1,"column":13}}},"fnMap":{"0":{"name":"(anonymous_0)","decl":{"start":{"line":2,"column":2},"end":{"line":2,"column":null}},"loc":{"start":{"line":7,"column":27},"end":{"line":8,"column":6}}},"1":{"name":"(anonymous_1)","decl":{"start":{"line":10,"column":2},"end":{"line":10,"column":8}},"loc":{"start":{"line":15,"column":18},"end":{"line":18,"column":3}}}},"branchMap":{},"s":{"0":13,"1":13,"2":13,"3":13,"4":13,"5":13,"6":8},"f":{"0":13,"1":13},"b":{}}
,"C:\\Users\\Alana\\Downloads\\mobile_Vivi\\src\\core\\domain\\entities\\User.ts": {"path":"C:\\Users\\Alana\\Downloads\\mobile_Vivi\\src\\core\\domain\\entities\\User.ts","statementMap":{"0":{"start":{"line":7,"column":13},"end":{"line":7,"column":23}},"1":{"start":{"line":8,"column":13},"end":{"line":8,"column":23}},"2":{"start":{"line":9,"column":13},"end":{"line":9,"column":25}},"3":{"start":{"line":10,"column":13},"end":{"line":10,"column":31}},"4":{"start":{"line":14,"column":4},"end":{"line":14,"column":47}},"5":{"start":{"line":5,"column":0},"end":{"line":5,"column":13}}},"fnMap":{"0":{"name":"(anonymous_0)","decl":{"start":{"line":6,"column":2},"end":{"line":6,"column":null}},"loc":{"start":{"line":10,"column":31},"end":{"line":11,"column":6}}},"1":{"name":"(anonymous_1)","decl":{"start":{"line":13,"column":2},"end":{"line":13,"column":8}},"loc":{"start":{"line":13,"column":72},"end":{"line":15,"column":3}}}},"branchMap":{},"s":{"0":7,"1":7,"2":7,"3":7,"4":7,"5":6},"f":{"0":7,"1":7},"b":{}}
,"C:\\Users\\Alana\\Downloads\\mobile_Vivi\\src\\core\\domain\\use-cases\\Post\\CreateMemory.ts": {"path":"C:\\Users\\Alana\\Downloads\\mobile_Vivi\\src\\core\\domain\\use-cases\\Post\\CreateMemory.ts","statementMap":{"0":{"start":{"line":1,"column":0},"end":{"line":1,"column":47}},"1":{"start":{"line":5,"column":31},"end":{"line":5,"column":66}},"2":{"start":{"line":12,"column":19},"end":{"line":17,"column":null}},"3":{"start":{"line":20,"column":4},"end":{"line":20,"column":45}},"4":{"start":{"line":21,"column":4},"end":{"line":21,"column":18}},"5":{"start":{"line":4,"column":0},"end":{"line":4,"column":13}}},"fnMap":{"0":{"name":"(anonymous_7)","decl":{"start":{"line":5,"column":2},"end":{"line":5,"column":31}},"loc":{"start":{"line":5,"column":66},"end":{"line":5,"column":70}}},"1":{"name":"(anonymous_8)","decl":{"start":{"line":7,"column":8},"end":{"line":7,"column":15}},"loc":{"start":{"line":11,"column":3},"end":{"line":22,"column":null}}}},"branchMap":{},"s":{"0":2,"1":2,"2":1,"3":1,"4":1,"5":2},"f":{"0":2,"1":1},"b":{}}
,"C:\\Users\\Alana\\Downloads\\mobile_Vivi\\src\\core\\domain\\use-cases\\Post\\DeleteMemory.ts": {"path":"C:\\Users\\Alana\\Downloads\\mobile_Vivi\\src\\core\\domain\\use-cases\\Post\\DeleteMemory.ts","statementMap":{"0":{"start":{"line":4,"column":31},"end":{"line":4,"column":66}},"1":{"start":{"line":7,"column":19},"end":{"line":7,"column":25}},"2":{"start":{"line":9,"column":19},"end":{"line":9,"column":59}},"3":{"start":{"line":10,"column":4},"end":{"line":12,"column":5}},"4":{"start":{"line":11,"column":6},"end":{"line":11,"column":42}},"5":{"start":{"line":14,"column":4},"end":{"line":14,"column":43}},"6":{"start":{"line":3,"column":0},"end":{"line":3,"column":13}}},"fnMap":{"0":{"name":"(anonymous_7)","decl":{"start":{"line":4,"column":2},"end":{"line":4,"column":31}},"loc":{"start":{"line":4,"column":66},"end":{"line":4,"column":70}}},"1":{"name":"(anonymous_8)","decl":{"start":{"line":6,"column":8},"end":{"line":6,"column":15}},"loc":{"start":{"line":6,"column":38},"end":{"line":15,"column":null}}}},"branchMap":{"0":{"loc":{"start":{"line":10,"column":4},"end":{"line":12,"column":5}},"type":"if","locations":[{"start":{"line":10,"column":4},"end":{"line":12,"column":5}},{"start":{},"end":{}}]}},"s":{"0":3,"1":2,"2":2,"3":2,"4":1,"5":1,"6":2},"f":{"0":3,"1":2},"b":{"0":[1,1]}}
,"C:\\Users\\Alana\\Downloads\\mobile_Vivi\\src\\core\\domain\\use-cases\\Post\\FindMemory.ts": {"path":"C:\\Users\\Alana\\Downloads\\mobile_Vivi\\src\\core\\domain\\use-cases\\Post\\FindMemory.ts","statementMap":{"0":{"start":{"line":5,"column":31},"end":{"line":5,"column":66}},"1":{"start":{"line":8,"column":4},"end":{"line":8,"column":53}},"2":{"start":{"line":4,"column":0},"end":{"line":4,"column":13}}},"fnMap":{"0":{"name":"(anonymous_7)","decl":{"start":{"line":5,"column":2},"end":{"line":5,"column":31}},"loc":{"start":{"line":5,"column":66},"end":{"line":5,"column":70}}},"1":{"name":"(anonymous_8)","decl":{"start":{"line":7,"column":8},"end":{"line":7,"column":15}},"loc":{"start":{"line":7,"column":38},"end":{"line":9,"column":null}}}},"branchMap":{},"s":{"0":3,"1":2,"2":2},"f":{"0":3,"1":2},"b":{}}
,"C:\\Users\\Alana\\Downloads\\mobile_Vivi\\src\\core\\domain\\use-cases\\Post\\ListUserMemories.ts": {"path":"C:\\Users\\Alana\\Downloads\\mobile_Vivi\\src\\core\\domain\\use-cases\\Post\\ListUserMemories.ts","statementMap":{"0":{"start":{"line":5,"column":31},"end":{"line":5,"column":66}},"1":{"start":{"line":8,"column":4},"end":{"line":8,"column":61}},"2":{"start":{"line":4,"column":0},"end":{"line":4,"column":13}}},"fnMap":{"0":{"name":"(anonymous_7)","decl":{"start":{"line":5,"column":2},"end":{"line":5,"column":31}},"loc":{"start":{"line":5,"column":66},"end":{"line":5,"column":70}}},"1":{"name":"(anonymous_8)","decl":{"start":{"line":7,"column":8},"end":{"line":7,"column":15}},"loc":{"start":{"line":7,"column":42},"end":{"line":9,"column":null}}}},"branchMap":{},"s":{"0":2,"1":1,"2":2},"f":{"0":2,"1":1},"b":{}}
,"C:\\Users\\Alana\\Downloads\\mobile_Vivi\\src\\core\\domain\\use-cases\\Post\\UpdateMemory.ts": {"path":"C:\\Users\\Alana\\Downloads\\mobile_Vivi\\src\\core\\domain\\use-cases\\Post\\UpdateMemory.ts","statementMap":{"0":{"start":{"line":1,"column":0},"end":{"line":1,"column":47}},"1":{"start":{"line":5,"column":31},"end":{"line":5,"column":66}},"2":{"start":{"line":11,"column":19},"end":{"line":11,"column":66}},"3":{"start":{"line":12,"column":4},"end":{"line":14,"column":5}},"4":{"start":{"line":13,"column":6},"end":{"line":13,"column":42}},"5":{"start":{"line":16,"column":26},"end":{"line":21,"column":null}},"6":{"start":{"line":24,"column":4},"end":{"line":24,"column":54}},"7":{"start":{"line":25,"column":4},"end":{"line":25,"column":25}},"8":{"start":{"line":4,"column":0},"end":{"line":4,"column":13}}},"fnMap":{"0":{"name":"(anonymous_7)","decl":{"start":{"line":5,"column":2},"end":{"line":5,"column":31}},"loc":{"start":{"line":5,"column":66},"end":{"line":5,"column":70}}},"1":{"name":"(anonymous_8)","decl":{"start":{"line":7,"column":8},"end":{"line":7,"column":15}},"loc":{"start":{"line":10,"column":3},"end":{"line":26,"column":null}}}},"branchMap":{"0":{"loc":{"start":{"line":12,"column":4},"end":{"line":14,"column":5}},"type":"if","locations":[{"start":{"line":12,"column":4},"end":{"line":14,"column":5}},{"start":{},"end":{}}]},"1":{"loc":{"start":{"line":20,"column":6},"end":{"line":20,"column":38}},"type":"cond-expr","locations":[{"start":{"line":20,"column":20},"end":{"line":20,"column":24}},{"start":{"line":20,"column":24},"end":{"line":20,"column":38}}]},"2":{"loc":{"start":{"line":20,"column":6},"end":{"line":20,"column":24}},"type":"binary-expr","locations":[{"start":{"line":20,"column":6},"end":{"line":20,"column":24}},{"start":{"line":20,"column":20},"end":{"line":20,"column":24}}]}},"s":{"0":2,"1":3,"2":2,"3":2,"4":1,"5":1,"6":1,"7":1,"8":2},"f":{"0":3,"1":2},"b":{"0":[1,1],"1":[1,0],"2":[1,1]}}
,"C:\\Users\\Alana\\Downloads\\mobile_Vivi\\src\\core\\domain\\use-cases\\User\\LoginUser.ts": {"path":"C:\\Users\\Alana\\Downloads\\mobile_Vivi\\src\\core\\domain\\use-cases\\User\\LoginUser.ts","statementMap":{"0":{"start":{"line":5,"column":31},"end":{"line":5,"column":62}},"1":{"start":{"line":8,"column":32},"end":{"line":8,"column":38}},"2":{"start":{"line":10,"column":17},"end":{"line":10,"column":61}},"3":{"start":{"line":11,"column":4},"end":{"line":13,"column":5}},"4":{"start":{"line":12,"column":6},"end":{"line":12,"column":45}},"5":{"start":{"line":15,"column":28},"end":{"line":17,"column":null}},"6":{"start":{"line":20,"column":4},"end":{"line":22,"column":5}},"7":{"start":{"line":21,"column":6},"end":{"line":21,"column":45}},"8":{"start":{"line":24,"column":4},"end":{"line":24,"column":16}},"9":{"start":{"line":31,"column":4},"end":{"line":31,"column":51}},"10":{"start":{"line":4,"column":0},"end":{"line":4,"column":13}}},"fnMap":{"0":{"name":"(anonymous_7)","decl":{"start":{"line":5,"column":2},"end":{"line":5,"column":31}},"loc":{"start":{"line":5,"column":62},"end":{"line":5,"column":66}}},"1":{"name":"(anonymous_8)","decl":{"start":{"line":7,"column":8},"end":{"line":7,"column":15}},"loc":{"start":{"line":7,"column":59},"end":{"line":25,"column":null}}},"2":{"name":"(anonymous_10)","decl":{"start":{"line":27,"column":16},"end":{"line":27,"column":31}},"loc":{"start":{"line":29,"column":26},"end":{"line":32,"column":null}}}},"branchMap":{"0":{"loc":{"start":{"line":11,"column":4},"end":{"line":13,"column":5}},"type":"if","locations":[{"start":{"line":11,"column":4},"end":{"line":13,"column":5}},{"start":{},"end":{}}]},"1":{"loc":{"start":{"line":20,"column":4},"end":{"line":22,"column":5}},"type":"if","locations":[{"start":{"line":20,"column":4},"end":{"line":22,"column":5}},{"start":{},"end":{}}]}},"s":{"0":3,"1":2,"2":2,"3":2,"4":1,"5":1,"6":1,"7":0,"8":1,"9":1,"10":2},"f":{"0":3,"1":2,"2":1},"b":{"0":[1,1],"1":[0,1]}}
,"C:\\Users\\Alana\\Downloads\\mobile_Vivi\\src\\core\\domain\\use-cases\\User\\RegisterUser.ts": {"path":"C:\\Users\\Alana\\Downloads\\mobile_Vivi\\src\\core\\domain\\use-cases\\User\\RegisterUser.ts","statementMap":{"0":{"start":{"line":1,"column":0},"end":{"line":1,"column":43}},"1":{"start":{"line":3,"column":0},"end":{"line":3,"column":48}},"2":{"start":{"line":4,"column":0},"end":{"line":4,"column":50}},"3":{"start":{"line":5,"column":0},"end":{"line":5,"column":56}},"4":{"start":{"line":8,"column":31},"end":{"line":8,"column":62}},"5":{"start":{"line":15,"column":38},"end":{"line":15,"column":44}},"6":{"start":{"line":17,"column":23},"end":{"line":17,"column":67}},"7":{"start":{"line":18,"column":4},"end":{"line":20,"column":5}},"8":{"start":{"line":19,"column":6},"end":{"line":19,"column":45}},"9":{"start":{"line":22,"column":27},"end":{"line":22,"column":60}},"10":{"start":{"line":24,"column":17},"end":{"line":28,"column":null}},"11":{"start":{"line":31,"column":4},"end":{"line":31,"column":41}},"12":{"start":{"line":32,"column":4},"end":{"line":32,"column":16}},"13":{"start":{"line":36,"column":4},"end":{"line":36,"column":32}},"14":{"start":{"line":7,"column":0},"end":{"line":7,"column":13}}},"fnMap":{"0":{"name":"(anonymous_7)","decl":{"start":{"line":8,"column":2},"end":{"line":8,"column":31}},"loc":{"start":{"line":8,"column":62},"end":{"line":8,"column":66}}},"1":{"name":"(anonymous_8)","decl":{"start":{"line":10,"column":8},"end":{"line":10,"column":15}},"loc":{"start":{"line":14,"column":3},"end":{"line":33,"column":null}}},"2":{"name":"(anonymous_10)","decl":{"start":{"line":35,"column":16},"end":{"line":35,"column":28}},"loc":{"start":{"line":35,"column":45},"end":{"line":37,"column":null}}}},"branchMap":{"0":{"loc":{"start":{"line":18,"column":4},"end":{"line":20,"column":5}},"type":"if","locations":[{"start":{"line":18,"column":4},"end":{"line":20,"column":5}},{"start":{},"end":{}}]}},"s":{"0":2,"1":2,"2":2,"3":2,"4":2,"5":1,"6":1,"7":1,"8":0,"9":1,"10":1,"11":1,"12":1,"13":1,"14":2},"f":{"0":2,"1":1,"2":1},"b":{"0":[0,1]}}
,"C:\\Users\\Alana\\Downloads\\mobile_Vivi\\src\\core\\domain\\use-cases\\User\\UpdateUser.ts": {"path":"C:\\Users\\Alana\\Downloads\\mobile_Vivi\\src\\core\\domain\\use-cases\\User\\UpdateUser.ts","statementMap":{"0":{"start":{"line":1,"column":0},"end":{"line":1,"column":43}},"1":{"start":{"line":3,"column":0},"end":{"line":3,"column":48}},"2":{"start":{"line":4,"column":0},"end":{"line":4,"column":50}},"3":{"start":{"line":7,"column":31},"end":{"line":7,"column":62}},"4":{"start":{"line":14,"column":32},"end":{"line":14,"column":38}},"5":{"start":{"line":16,"column":17},"end":{"line":16,"column":55}},"6":{"start":{"line":17,"column":4},"end":{"line":19,"column":5}},"7":{"start":{"line":18,"column":6},"end":{"line":18,"column":40}},"8":{"start":{"line":21,"column":20},"end":{"line":21,"column":53}},"9":{"start":{"line":22,"column":21},"end":{"line":22,"column":58}},"10":{"start":{"line":24,"column":24},"end":{"line":28,"column":null}},"11":{"start":{"line":31,"column":4},"end":{"line":31,"column":50}},"12":{"start":{"line":32,"column":4},"end":{"line":32,"column":23}},"13":{"start":{"line":6,"column":0},"end":{"line":6,"column":13}}},"fnMap":{"0":{"name":"(anonymous_7)","decl":{"start":{"line":7,"column":2},"end":{"line":7,"column":31}},"loc":{"start":{"line":7,"column":62},"end":{"line":7,"column":66}}},"1":{"name":"(anonymous_8)","decl":{"start":{"line":9,"column":8},"end":{"line":9,"column":15}},"loc":{"start":{"line":13,"column":3},"end":{"line":33,"column":null}}}},"branchMap":{"0":{"loc":{"start":{"line":17,"column":4},"end":{"line":19,"column":5}},"type":"if","locations":[{"start":{"line":17,"column":4},"end":{"line":19,"column":5}},{"start":{},"end":{}}]},"1":{"loc":{"start":{"line":21,"column":20},"end":{"line":21,"column":53}},"type":"cond-expr","locations":[{"start":{"line":21,"column":27},"end":{"line":21,"column":41}},{"start":{"line":21,"column":44},"end":{"line":21,"column":53}}]},"2":{"loc":{"start":{"line":22,"column":21},"end":{"line":22,"column":58}},"type":"cond-expr","locations":[{"start":{"line":22,"column":29},"end":{"line":22,"column":45}},{"start":{"line":22,"column":48},"end":{"line":22,"column":58}}]}},"s":{"0":2,"1":2,"2":2,"3":2,"4":1,"5":1,"6":1,"7":0,"8":1,"9":1,"10":1,"11":1,"12":1,"13":2},"f":{"0":2,"1":1},"b":{"0":[0,1],"1":[1,0],"2":[1,0]}}
,"C:\\Users\\Alana\\Downloads\\mobile_Vivi\\src\\core\\domain\\value-objects\\Email.ts": {"path":"C:\\Users\\Alana\\Downloads\\mobile_Vivi\\src\\core\\domain\\value-objects\\Email.ts","statementMap":{"0":{"start":{"line":2,"column":23},"end":{"line":2,"column":36}},"1":{"start":{"line":3,"column":4},"end":{"line":5,"column":5}},"2":{"start":{"line":4,"column":6},"end":{"line":4,"column":46}},"3":{"start":{"line":9,"column":4},"end":{"line":9,"column":28}},"4":{"start":{"line":1,"column":0},"end":{"line":1,"column":13}}},"fnMap":{"0":{"name":"(anonymous_0)","decl":{"start":{"line":2,"column":2},"end":{"line":2,"column":23}},"loc":{"start":{"line":2,"column":36},"end":{"line":6,"column":3}}},"1":{"name":"(anonymous_1)","decl":{"start":{"line":8,"column":2},"end":{"line":8,"column":8}},"loc":{"start":{"line":8,"column":29},"end":{"line":10,"column":3}}}},"branchMap":{"0":{"loc":{"start":{"line":3,"column":4},"end":{"line":5,"column":5}},"type":"if","locations":[{"start":{"line":3,"column":4},"end":{"line":5,"column":5}},{"start":{},"end":{}}]}},"s":{"0":9,"1":9,"2":1,"3":7,"4":7},"f":{"0":9,"1":7},"b":{"0":[1,8]}}
,"C:\\Users\\Alana\\Downloads\\mobile_Vivi\\src\\core\\domain\\value-objects\\Name.ts": {"path":"C:\\Users\\Alana\\Downloads\\mobile_Vivi\\src\\core\\domain\\value-objects\\Name.ts","statementMap":{"0":{"start":{"line":2,"column":23},"end":{"line":2,"column":36}},"1":{"start":{"line":3,"column":4},"end":{"line":5,"column":5}},"2":{"start":{"line":4,"column":6},"end":{"line":4,"column":62}},"3":{"start":{"line":9,"column":4},"end":{"line":9,"column":27}},"4":{"start":{"line":1,"column":0},"end":{"line":1,"column":13}}},"fnMap":{"0":{"name":"(anonymous_0)","decl":{"start":{"line":2,"column":2},"end":{"line":2,"column":23}},"loc":{"start":{"line":2,"column":36},"end":{"line":6,"column":3}}},"1":{"name":"(anonymous_1)","decl":{"start":{"line":8,"column":2},"end":{"line":8,"column":8}},"loc":{"start":{"line":8,"column":29},"end":{"line":10,"column":3}}}},"branchMap":{"0":{"loc":{"start":{"line":3,"column":4},"end":{"line":5,"column":5}},"type":"if","locations":[{"start":{"line":3,"column":4},"end":{"line":5,"column":5}},{"start":{},"end":{}}]},"1":{"loc":{"start":{"line":3,"column":8},"end":{"line":3,"column":41}},"type":"binary-expr","locations":[{"start":{"line":3,"column":8},"end":{"line":3,"column":14}},{"start":{"line":3,"column":18},"end":{"line":3,"column":41}}]}},"s":{"0":9,"1":9,"2":1,"3":7,"4":7},"f":{"0":9,"1":7},"b":{"0":[1,8],"1":[9,8]}}
,"C:\\Users\\Alana\\Downloads\\mobile_Vivi\\src\\core\\domain\\value-objects\\Password.ts": {"path":"C:\\Users\\Alana\\Downloads\\mobile_Vivi\\src\\core\\domain\\value-objects\\Password.ts","statementMap":{"0":{"start":{"line":2,"column":23},"end":{"line":2,"column":36}},"1":{"start":{"line":3,"column":4},"end":{"line":5,"column":5}},"2":{"start":{"line":4,"column":6},"end":{"line":4,"column":64}},"3":{"start":{"line":9,"column":4},"end":{"line":9,"column":31}},"4":{"start":{"line":1,"column":0},"end":{"line":1,"column":13}}},"fnMap":{"0":{"name":"(anonymous_0)","decl":{"start":{"line":2,"column":2},"end":{"line":2,"column":23}},"loc":{"start":{"line":2,"column":36},"end":{"line":6,"column":3}}},"1":{"name":"(anonymous_1)","decl":{"start":{"line":8,"column":2},"end":{"line":8,"column":8}},"loc":{"start":{"line":8,"column":29},"end":{"line":10,"column":3}}}},"branchMap":{"0":{"loc":{"start":{"line":3,"column":4},"end":{"line":5,"column":5}},"type":"if","locations":[{"start":{"line":3,"column":4},"end":{"line":5,"column":5}},{"start":{},"end":{}}]}},"s":{"0":6,"1":6,"2":0,"3":5,"4":6},"f":{"0":6,"1":5},"b":{"0":[0,6]}}
,"C:\\Users\\Alana\\Downloads\\mobile_Vivi\\src\\core\\factories\\makeMemoryUseCases.ts": {"path":"C:\\Users\\Alana\\Downloads\\mobile_Vivi\\src\\core\\factories\\makeMemoryUseCases.ts","statementMap":{"0":{"start":{"line":9,"column":0},"end":{"line":9,"column":16}},"1":{"start":{"line":2,"column":0},"end":{"line":2,"column":69}},"2":{"start":{"line":3,"column":0},"end":{"line":3,"column":69}},"3":{"start":{"line":4,"column":0},"end":{"line":4,"column":69}},"4":{"start":{"line":5,"column":0},"end":{"line":5,"column":65}},"5":{"start":{"line":6,"column":0},"end":{"line":6,"column":77}},"6":{"start":{"line":7,"column":0},"end":{"line":7,"column":82}},"7":{"start":{"line":10,"column":46},"end":{"line":10,"column":72}},"8":{"start":{"line":12,"column":23},"end":{"line":12,"column":57}},"9":{"start":{"line":13,"column":23},"end":{"line":13,"column":57}},"10":{"start":{"line":14,"column":23},"end":{"line":14,"column":57}},"11":{"start":{"line":15,"column":21},"end":{"line":15,"column":53}},"12":{"start":{"line":16,"column":27},"end":{"line":16,"column":65}},"13":{"start":{"line":18,"column":2},"end":{"line":24,"column":4}}},"fnMap":{"0":{"name":"makeMemoryUseCases","decl":{"start":{"line":9,"column":16},"end":{"line":9,"column":34}},"loc":{"start":{"line":9,"column":34},"end":{"line":25,"column":1}}}},"branchMap":{},"s":{"0":1,"1":1,"2":1,"3":1,"4":1,"5":1,"6":1,"7":1,"8":1,"9":1,"10":1,"11":1,"12":1,"13":1},"f":{"0":1},"b":{}}
,"C:\\Users\\Alana\\Downloads\\mobile_Vivi\\src\\core\\factories\\makeUserUseCases.ts": {"path":"C:\\Users\\Alana\\Downloads\\mobile_Vivi\\src\\core\\factories\\makeUserUseCases.ts","statementMap":{"0":{"start":{"line":7,"column":0},"end":{"line":7,"column":16}},"1":{"start":{"line":2,"column":0},"end":{"line":2,"column":69}},"2":{"start":{"line":3,"column":0},"end":{"line":3,"column":63}},"3":{"start":{"line":4,"column":0},"end":{"line":4,"column":65}},"4":{"start":{"line":5,"column":0},"end":{"line":5,"column":78}},"5":{"start":{"line":8,"column":42},"end":{"line":8,"column":74}},"6":{"start":{"line":10,"column":23},"end":{"line":10,"column":55}},"7":{"start":{"line":11,"column":20},"end":{"line":11,"column":49}},"8":{"start":{"line":12,"column":21},"end":{"line":12,"column":51}},"9":{"start":{"line":14,"column":2},"end":{"line":18,"column":4}}},"fnMap":{"0":{"name":"makeUserUseCases","decl":{"start":{"line":7,"column":16},"end":{"line":7,"column":32}},"loc":{"start":{"line":7,"column":32},"end":{"line":19,"column":1}}}},"branchMap":{},"s":{"0":1,"1":1,"2":1,"3":1,"4":1,"5":1,"6":1,"7":1,"8":1,"9":1},"f":{"0":1},"b":{}}
,"C:\\Users\\Alana\\Downloads\\mobile_Vivi\\src\\core\\infra\\repositories\\MockMemoryRepository.ts": {"path":"C:\\Users\\Alana\\Downloads\\mobile_Vivi\\src\\core\\infra\\repositories\\MockMemoryRepository.ts","statementMap":{"0":{"start":{"line":5,"column":10},"end":{"line":5,"column":34}},"1":{"start":{"line":8,"column":4},"end":{"line":8,"column":31}},"2":{"start":{"line":12,"column":4},"end":{"line":12,"column":58}},"3":{"start":{"line":12,"column":37},"end":{"line":12,"column":48}},"4":{"start":{"line":16,"column":4},"end":{"line":16,"column":60}},"5":{"start":{"line":16,"column":39},"end":{"line":16,"column":58}},"6":{"start":{"line":21,"column":18},"end":{"line":21,"column":68}},"7":{"start":{"line":21,"column":49},"end":{"line":21,"column":67}},"8":{"start":{"line":22,"column":4},"end":{"line":24,"column":5}},"9":{"start":{"line":23,"column":6},"end":{"line":23,"column":36}},"10":{"start":{"line":28,"column":4},"end":{"line":28,"column":30}},"11":{"start":{"line":32,"column":4},"end":{"line":32,"column":61}},"12":{"start":{"line":32,"column":48},"end":{"line":32,"column":59}},"13":{"start":{"line":4,"column":0},"end":{"line":4,"column":13}}},"fnMap":{"0":{"name":"(anonymous_7)","decl":{"start":{"line":4,"column":0},"end":{"line":4,"column":13}},"loc":{"start":{"line":4,"column":0},"end":{"line":34,"column":1}}},"1":{"name":"(anonymous_8)","decl":{"start":{"line":7,"column":8},"end":{"line":7,"column":12}},"loc":{"start":{"line":7,"column":27},"end":{"line":9,"column":null}}},"2":{"name":"(anonymous_10)","decl":{"start":{"line":11,"column":8},"end":{"line":11,"column":16}},"loc":{"start":{"line":11,"column":27},"end":{"line":13,"column":null}}},"3":{"name":"(anonymous_12)","decl":{"start":{"line":12,"column":30},"end":{"line":12,"column":31}},"loc":{"start":{"line":12,"column":37},"end":{"line":12,"column":48}}},"4":{"name":"(anonymous_13)","decl":{"start":{"line":15,"column":8},"end":{"line":15,"column":20}},"loc":{"start":{"line":15,"column":35},"end":{"line":17,"column":null}}},"5":{"name":"(anonymous_15)","decl":{"start":{"line":16,"column":32},"end":{"line":16,"column":33}},"loc":{"start":{"line":16,"column":39},"end":{"line":16,"column":58}}},"6":{"name":"(anonymous_16)","decl":{"start":{"line":20,"column":8},"end":{"line":20,"column":14}},"loc":{"start":{"line":20,"column":29},"end":{"line":25,"column":null}}},"7":{"name":"(anonymous_18)","decl":{"start":{"line":21,"column":42},"end":{"line":21,"column":43}},"loc":{"start":{"line":21,"column":49},"end":{"line":21,"column":67}}},"8":{"name":"(anonymous_19)","decl":{"start":{"line":27,"column":8},"end":{"line":27,"column":15}},"loc":{"start":{"line":27,"column":15},"end":{"line":29,"column":null}}},"9":{"name":"(anonymous_21)","decl":{"start":{"line":31,"column":8},"end":{"line":31,"column":14}},"loc":{"start":{"line":31,"column":25},"end":{"line":33,"column":null}}},"10":{"name":"(anonymous_23)","decl":{"start":{"line":32,"column":41},"end":{"line":32,"column":42}},"loc":{"start":{"line":32,"column":48},"end":{"line":32,"column":59}}}},"branchMap":{"0":{"loc":{"start":{"line":12,"column":11},"end":{"line":12,"column":57}},"type":"binary-expr","locations":[{"start":{"line":12,"column":11},"end":{"line":12,"column":49}},{"start":{"line":12,"column":53},"end":{"line":12,"column":57}}]},"1":{"loc":{"start":{"line":22,"column":4},"end":{"line":24,"column":5}},"type":"if","locations":[{"start":{"line":22,"column":4},"end":{"line":24,"column":5}},{"start":{},"end":{}}]}},"s":{"0":11,"1":11,"2":10,"3":6,"4":2,"5":6,"6":1,"7":1,"8":1,"9":1,"10":0,"11":1,"12":1,"13":7},"f":{"0":11,"1":11,"2":10,"3":6,"4":2,"5":6,"6":1,"7":1,"8":0,"9":1,"10":1},"b":{"0":[10,4],"1":[1,0]}}
,"C:\\Users\\Alana\\Downloads\\mobile_Vivi\\src\\core\\infra\\repositories\\MockUserRepository.ts": {"path":"C:\\Users\\Alana\\Downloads\\mobile_Vivi\\src\\core\\infra\\repositories\\MockUserRepository.ts","statementMap":{"0":{"start":{"line":6,"column":10},"end":{"line":6,"column":29}},"1":{"start":{"line":11,"column":4},"end":{"line":13,"column":5}},"2":{"start":{"line":12,"column":6},"end":{"line":12,"column":61}},"3":{"start":{"line":14,"column":4},"end":{"line":14,"column":39}},"4":{"start":{"line":18,"column":4},"end":{"line":18,"column":26}},"5":{"start":{"line":22,"column":4},"end":{"line":22,"column":71}},"6":{"start":{"line":22,"column":35},"end":{"line":22,"column":61}},"7":{"start":{"line":26,"column":4},"end":{"line":26,"column":59}},"8":{"start":{"line":26,"column":35},"end":{"line":26,"column":49}},"9":{"start":{"line":30,"column":22},"end":{"line":30,"column":65}},"10":{"start":{"line":30,"column":48},"end":{"line":30,"column":64}},"11":{"start":{"line":31,"column":4},"end":{"line":33,"column":5}},"12":{"start":{"line":32,"column":6},"end":{"line":32,"column":35}},"13":{"start":{"line":37,"column":4},"end":{"line":37,"column":59}},"14":{"start":{"line":37,"column":43},"end":{"line":37,"column":57}},"15":{"start":{"line":4,"column":0},"end":{"line":4,"column":13}}},"fnMap":{"0":{"name":"(anonymous_7)","decl":{"start":{"line":8,"column":2},"end":{"line":8,"column":25}},"loc":{"start":{"line":8,"column":2},"end":{"line":8,"column":26}}},"1":{"name":"(anonymous_8)","decl":{"start":{"line":10,"column":2},"end":{"line":10,"column":8}},"loc":{"start":{"line":10,"column":20},"end":{"line":15,"column":3}}},"2":{"name":"(anonymous_9)","decl":{"start":{"line":17,"column":8},"end":{"line":17,"column":12}},"loc":{"start":{"line":17,"column":23},"end":{"line":19,"column":null}}},"3":{"name":"(anonymous_11)","decl":{"start":{"line":21,"column":8},"end":{"line":21,"column":19}},"loc":{"start":{"line":21,"column":33},"end":{"line":23,"column":null}}},"4":{"name":"(anonymous_13)","decl":{"start":{"line":22,"column":27},"end":{"line":22,"column":31}},"loc":{"start":{"line":22,"column":35},"end":{"line":22,"column":61}}},"5":{"name":"(anonymous_14)","decl":{"start":{"line":25,"column":8},"end":{"line":25,"column":16}},"loc":{"start":{"line":25,"column":27},"end":{"line":27,"column":null}}},"6":{"name":"(anonymous_16)","decl":{"start":{"line":26,"column":27},"end":{"line":26,"column":31}},"loc":{"start":{"line":26,"column":35},"end":{"line":26,"column":49}}},"7":{"name":"(anonymous_17)","decl":{"start":{"line":29,"column":8},"end":{"line":29,"column":14}},"loc":{"start":{"line":29,"column":25},"end":{"line":34,"column":null}}},"8":{"name":"(anonymous_19)","decl":{"start":{"line":30,"column":43},"end":{"line":30,"column":44}},"loc":{"start":{"line":30,"column":48},"end":{"line":30,"column":64}}},"9":{"name":"(anonymous_20)","decl":{"start":{"line":36,"column":8},"end":{"line":36,"column":14}},"loc":{"start":{"line":36,"column":25},"end":{"line":38,"column":null}}},"10":{"name":"(anonymous_22)","decl":{"start":{"line":37,"column":35},"end":{"line":37,"column":39}},"loc":{"start":{"line":37,"column":43},"end":{"line":37,"column":57}}}},"branchMap":{"0":{"loc":{"start":{"line":11,"column":4},"end":{"line":13,"column":5}},"type":"if","locations":[{"start":{"line":11,"column":4},"end":{"line":13,"column":5}},{"start":{},"end":{}}]},"1":{"loc":{"start":{"line":22,"column":11},"end":{"line":22,"column":70}},"type":"binary-expr","locations":[{"start":{"line":22,"column":11},"end":{"line":22,"column":62}},{"start":{"line":22,"column":66},"end":{"line":22,"column":70}}]},"2":{"loc":{"start":{"line":26,"column":11},"end":{"line":26,"column":58}},"type":"binary-expr","locations":[{"start":{"line":26,"column":11},"end":{"line":26,"column":50}},{"start":{"line":26,"column":54},"end":{"line":26,"column":58}}]},"3":{"loc":{"start":{"line":31,"column":4},"end":{"line":33,"column":5}},"type":"if","locations":[{"start":{"line":31,"column":4},"end":{"line":33,"column":5}},{"start":{},"end":{}}]}},"s":{"0":5,"1":7,"2":5,"3":7,"4":5,"5":3,"6":2,"7":5,"8":4,"9":1,"10":1,"11":1,"12":1,"13":1,"14":2,"15":5},"f":{"0":5,"1":7,"2":5,"3":3,"4":2,"5":5,"6":4,"7":1,"8":1,"9":1,"10":2},"b":{"0":[5,2],"1":[3,2],"2":[5,1],"3":[1,0]}}
}
